<?xml version="1.0" encoding="UTF-8"?>
<testsuite xmlns:xsi="http://www.w3.org/2001/XMLSchema-instance" xsi:noNamespaceSchemaLocation="https://maven.apache.org/surefire/maven-surefire-plugin/xsd/surefire-test-report-3.0.xsd" version="3.0" name="sort.TestSortPersonsList" time="0.067" tests="5" errors="0" skipped="0" failures="0">
  <properties>
[...]
</properties>
  <testcase name="testSortingAlgorithmWithRandomPersons" classname="sort.TestSortPersonsList" time="0.028"/>
  <testcase name="testE2E" classname="sort.TestSortPersonsList" time="0.012">
    <system-out><![CDATA[Janet Parsons
Vaughn Lewis
Adonis Julius Archer
Janet Parsons
Vaughn Lewis
Adonis Julius Archer
Janet Parsons
Vaughn Lewis
Adonis Julius Archer
]]></system-out>
  </testcase>
  <testcase name="testSortingAlgorithmWithSameLastNames" classname="sort.TestSortPersonsList" time="0.002"/>
  <testcase name="testSortingAlgorithmWithOnlyLastNames" classname="sort.TestSortPersonsList" time="0.001"/>
  <testcase name="testSortingAlgorithmWithSameGivenAndLastNames" classname="sort.TestSortPersonsList" time="0.002"/>
</testsuite>